-------------------------------------------------------------------------------
Test set: io.github.Bochakms.service.UserServiceTest
-------------------------------------------------------------------------------
Tests run: 7, Failures: 0, Errors: 3, Skipped: 0, Time elapsed: 2.492 s <<< FAILURE! -- in io.github.Bochakms.service.UserServiceTest
io.github.Bochakms.service.UserServiceTest.shouldCreateUser -- Time elapsed: 0.053 s <<< ERROR!
java.lang.NullPointerException: Cannot invoke "org.springframework.kafka.core.KafkaTemplate.send(String, Object)" because "this.kafkaTemplate" is null
	at io.github.Bochakms.service.UserService.createUser(UserService.java:36)
	at io.github.Bochakms.service.UserServiceTest.shouldCreateUser(UserServiceTest.java:43)
	at java.base/java.lang.reflect.Method.invoke(Method.java:580)
	at java.base/java.util.ArrayList.forEach(ArrayList.java:1596)
	at java.base/java.util.ArrayList.forEach(ArrayList.java:1596)

io.github.Bochakms.service.UserServiceTest.shouldDeleteUser -- Time elapsed: 0.072 s <<< ERROR!
io.github.Bochakms.exeption.UserNotFoundException: User not found with id: 1
	at io.github.Bochakms.service.UserService.lambda$deleteUser$2(UserService.java:69)
	at java.base/java.util.Optional.orElseThrow(Optional.java:403)
	at io.github.Bochakms.service.UserService.deleteUser(UserService.java:69)
	at io.github.Bochakms.service.UserServiceTest.shouldDeleteUser(UserServiceTest.java:128)
	at java.base/java.lang.reflect.Method.invoke(Method.java:580)
	at java.base/java.util.ArrayList.forEach(ArrayList.java:1596)
	at java.base/java.util.ArrayList.forEach(ArrayList.java:1596)

io.github.Bochakms.service.UserServiceTest.shouldThrowExceptionWhenDeletingNonExistingUser -- Time elapsed: 0.097 s <<< ERROR!
org.mockito.exceptions.misusing.UnnecessaryStubbingException: 

Unnecessary stubbings detected.
Clean & maintainable test code requires zero unnecessary code.
Following stubbings are unnecessary (click to navigate to relevant line of code):
  1. -> at io.github.Bochakms.service.UserServiceTest.shouldThrowExceptionWhenDeletingNonExistingUser(UserServiceTest.java:136)
Please remove unnecessary stubbings or use 'lenient' strictness. More info: javadoc for UnnecessaryStubbingException class.
	at org.mockito.junit.jupiter.MockitoExtension.lambda$afterEach$2(MockitoExtension.java:200)
	at java.base/java.util.Optional.ifPresent(Optional.java:178)
	at org.mockito.junit.jupiter.MockitoExtension.afterEach(MockitoExtension.java:198)
	at java.base/java.util.ArrayList.forEach(ArrayList.java:1596)
	at java.base/java.util.ArrayList.forEach(ArrayList.java:1596)

