<?xml version="1.0" encoding="UTF-8"?>
<testsuite xmlns:xsi="http://www.w3.org/2001/XMLSchema-instance" xsi:noNamespaceSchemaLocation="https://maven.apache.org/surefire/maven-surefire-plugin/xsd/surefire-test-report.xsd" version="3.0.2" name="io.github.Bochakms.service.UserServiceTest" time="2.492" tests="7" errors="3" skipped="0" failures="0">
  <properties>
[...]
</properties>
  <testcase name="shouldGetUserById" classname="io.github.Bochakms.service.UserServiceTest" time="2.125">
    <system-err><![CDATA[Mockito is currently self-attaching to enable the inline-mock-maker. This will no longer work in future releases of the JDK. Please add Mockito as an agent to your build as described in Mockito's documentation: https://javadoc.io/doc/org.mockito/mockito-core/latest/org.mockito/org/mockito/Mockito.html#0.3
WARNING: A Java agent has been loaded dynamically (C:\Users\User\.m2\repository\net\bytebuddy\byte-buddy-agent\1.17.6\byte-buddy-agent-1.17.6.jar)
WARNING: If a serviceability tool is in use, please run with -XX:+EnableDynamicAgentLoading to hide this warning
WARNING: If a serviceability tool is not in use, please run with -Djdk.instrument.traceUsage for more information
WARNING: Dynamic loading of agents will be disallowed by default in a future release
]]></system-err>
  </testcase>
  <testcase name="shouldUpdateUser" classname="io.github.Bochakms.service.UserServiceTest" time="0.04"/>
  <testcase name="shouldThrowExceptionWhenUserNotFound" classname="io.github.Bochakms.service.UserServiceTest" time="0.015"/>
  <testcase name="shouldCreateUser" classname="io.github.Bochakms.service.UserServiceTest" time="0.053">
    <error message="Cannot invoke &quot;org.springframework.kafka.core.KafkaTemplate.send(String, Object)&quot; because &quot;this.kafkaTemplate&quot; is null" type="java.lang.NullPointerException"><![CDATA[java.lang.NullPointerException: Cannot invoke "org.springframework.kafka.core.KafkaTemplate.send(String, Object)" because "this.kafkaTemplate" is null
	at io.github.Bochakms.service.UserService.createUser(UserService.java:36)
	at io.github.Bochakms.service.UserServiceTest.shouldCreateUser(UserServiceTest.java:43)
	at java.base/java.lang.reflect.Method.invoke(Method.java:580)
	at java.base/java.util.ArrayList.forEach(ArrayList.java:1596)
	at java.base/java.util.ArrayList.forEach(ArrayList.java:1596)
]]></error>
  </testcase>
  <testcase name="shouldGetAllUsers" classname="io.github.Bochakms.service.UserServiceTest" time="0.022"/>
  <testcase name="shouldDeleteUser" classname="io.github.Bochakms.service.UserServiceTest" time="0.072">
    <error message="User not found with id: 1" type="io.github.Bochakms.exeption.UserNotFoundException"><![CDATA[io.github.Bochakms.exeption.UserNotFoundException: User not found with id: 1
	at io.github.Bochakms.service.UserService.lambda$deleteUser$2(UserService.java:69)
	at java.base/java.util.Optional.orElseThrow(Optional.java:403)
	at io.github.Bochakms.service.UserService.deleteUser(UserService.java:69)
	at io.github.Bochakms.service.UserServiceTest.shouldDeleteUser(UserServiceTest.java:128)
	at java.base/java.lang.reflect.Method.invoke(Method.java:580)
	at java.base/java.util.ArrayList.forEach(ArrayList.java:1596)
	at java.base/java.util.ArrayList.forEach(ArrayList.java:1596)
]]></error>
  </testcase>
  <testcase name="shouldThrowExceptionWhenDeletingNonExistingUser" classname="io.github.Bochakms.service.UserServiceTest" time="0.097">
    <error message="&#10;Unnecessary stubbings detected.&#10;Clean &amp; maintainable test code requires zero unnecessary code.&#10;Following stubbings are unnecessary (click to navigate to relevant line of code):&#10;  1. -&gt; at io.github.Bochakms.service.UserServiceTest.shouldThrowExceptionWhenDeletingNonExistingUser(UserServiceTest.java:136)&#10;Please remove unnecessary stubbings or use &apos;lenient&apos; strictness. More info: javadoc for UnnecessaryStubbingException class." type="org.mockito.exceptions.misusing.UnnecessaryStubbingException"><![CDATA[org.mockito.exceptions.misusing.UnnecessaryStubbingException: 

Unnecessary stubbings detected.
Clean & maintainable test code requires zero unnecessary code.
Following stubbings are unnecessary (click to navigate to relevant line of code):
  1. -> at io.github.Bochakms.service.UserServiceTest.shouldThrowExceptionWhenDeletingNonExistingUser(UserServiceTest.java:136)
Please remove unnecessary stubbings or use 'lenient' strictness. More info: javadoc for UnnecessaryStubbingException class.
	at org.mockito.junit.jupiter.MockitoExtension.lambda$afterEach$2(MockitoExtension.java:200)
	at java.base/java.util.Optional.ifPresent(Optional.java:178)
	at org.mockito.junit.jupiter.MockitoExtension.afterEach(MockitoExtension.java:198)
	at java.base/java.util.ArrayList.forEach(ArrayList.java:1596)
	at java.base/java.util.ArrayList.forEach(ArrayList.java:1596)
]]></error>
  </testcase>
</testsuite>